C:\PROG\Полином\NAME\DEBUG\NAME.PCH
C:\PROG\Полином\NAME\DEBUG\STDAFX.OBJ
C:\PROG\ПОЛИНОМ\NAME\DEBUG\VC110.PDB
C:\PROG\Полином\NAME\DEBUG\ASSEMBLYINFO.OBJ
C:\PROG\ПОЛИНОМ\NAME\DEBUG\ASSEMBLYINFO.OBJ
C:\PROG\Полином\NAME\DEBUG\.NETFRAMEWORK,VERSION=V4.5.ASSEMBLYATTRIBUTES.OBJ
C:\PROG\Полином\NAME\DEBUG\NAME.OBJ
C:\PROG\Полином\DEBUG\NAME.ILK
C:\PROG\Полином\DEBUG\NAME.EXE
C:\PROG\ПОЛИНОМ\DEBUG\NAME.PDB
C:\prog\Полином\name\Debug\name.Form1.resources
C:\PROG\Полином\NAME\DEBUG\APP.RES
C:\prog\Полином\name\Debug\name.vcxproj.GenerateResource.Cache
C:\prog\Полином\name\Debug\.NETFramework,Version=v4.5.AssemblyAttributes.obj
C:\prog\Полином\name\Debug\AssemblyInfo.obj
C:\prog\Полином\name\Debug\name.obj
C:\prog\Полином\name\Debug\stdafx.obj
C:\prog\Полином\name\Debug\cl.command.1.tlog
C:\prog\Полином\name\Debug\CL.read.1.tlog
C:\prog\Полином\name\Debug\CL.write.1.tlog
C:\prog\Полином\name\Debug\link.7248-cvtres.read.1.tlog
C:\prog\Полином\name\Debug\link.7248-cvtres.write.1.tlog
C:\prog\Полином\name\Debug\link.7248-rc.read.1.tlog
C:\prog\Полином\name\Debug\link.7248-rc.write.1.tlog
C:\prog\Полином\name\Debug\link.7248.read.1.tlog
C:\prog\Полином\name\Debug\link.7248.write.1.tlog
C:\prog\Полином\name\Debug\link.7944-cvtres.read.1.tlog
C:\prog\Полином\name\Debug\link.7944-cvtres.write.1.tlog
C:\prog\Полином\name\Debug\link.7944-rc.read.1.tlog
C:\prog\Полином\name\Debug\link.7944-rc.write.1.tlog
C:\prog\Полином\name\Debug\link.7944.read.1.tlog
C:\prog\Полином\name\Debug\link.7944.write.1.tlog
C:\prog\Полином\name\Debug\link.8056-cvtres.read.1.tlog
C:\prog\Полином\name\Debug\link.8056-cvtres.write.1.tlog
C:\prog\Полином\name\Debug\link.8056-rc.read.1.tlog
C:\prog\Полином\name\Debug\link.8056-rc.write.1.tlog
C:\prog\Полином\name\Debug\link.8056.read.1.tlog
C:\prog\Полином\name\Debug\link.8056.write.1.tlog
C:\prog\Полином\name\Debug\link.command.1.tlog
C:\prog\Полином\name\Debug\link.read.1.tlog
C:\prog\Полином\name\Debug\link.write.1.tlog
C:\prog\Полином\name\Debug\metagen.read.1.tlog
C:\prog\Полином\name\Debug\metagen.write.1.tlog
C:\prog\Полином\name\Debug\name.write.1.tlog
C:\prog\Полином\name\Debug\rc.command.1.tlog
C:\prog\Полином\name\Debug\rc.read.1.tlog
C:\prog\Полином\name\Debug\rc.write.1.tlog
C:\prog\Полином\name\Debug\app.res
C:\prog\Полином\name\Debug\name.pch
C:\prog\Полином\name\Debug\vc110.pdb
C:\prog\Полином\name\Debug\TZRES.DLL.bi
C:\prog\Полином\Debug\name.pdb
C:\prog\Полином\Debug\name.exe
C:\prog\Полином\Debug\name.ilk
